MediaRouterSample/build/outputs/logs/manifest-merger-debug-report.txt
-- Merging decision tree log ---
manifest
ADDED from src\main\AndroidManifest.xml:22:1-75:12
	package
		ADDED from src\main\AndroidManifest.xml:23:11-52
	xmlns:android
		ADDED from src\main\AndroidManifest.xml:22:11-69
uses-permission#android.permission.INTERNET
ADDED from src\main\AndroidManifest.xml:26:5-67
	android:name
		ADDED from src\main\AndroidManifest.xml:26:22-64
uses-permission#android.permission.SYSTEM_ALERT_WINDOW
ADDED from src\main\AndroidManifest.xml:29:5-78
	android:name
		ADDED from src\main\AndroidManifest.xml:29:22-75
uses-sdk
ADDED from src\main\AndroidManifest.xml:31:5-32:36
MERGED from [com.android.support:mediarouter-v7:24.0.0-alpha1] AndroidManifest.xml:20:5-43
MERGED from [com.android.support:appcompat-v7:24.0.0-alpha1] AndroidManifest.xml:21:5-23:78
MERGED from [com.android.support:support-vector-drawable:24.0.0-alpha1] AndroidManifest.xml:21:5-43
MERGED from [com.android.support:support-v4:24.0.0-alpha1] AndroidManifest.xml:20:5-43
MERGED from [com.android.support:animated-vector-drawable:24.0.0-alpha1] AndroidManifest.xml:20:5-44
MERGED from [com.android.support:palette-v7:24.0.0-alpha1] AndroidManifest.xml:20:5-43
	tools:overrideLibrary
		ADDED from [com.android.support:appcompat-v7:24.0.0-alpha1] AndroidManifest.xml:23:9-75
	android:targetSdkVersion
		ADDED from src\main\AndroidManifest.xml:31:15-44
	android:minSdkVersion
		ADDED from src\main\AndroidManifest.xml:32:9-34
supports-screens
ADDED from src\main\AndroidManifest.xml:38:5-39:62
	android:compatibleWidthLimitDp
		ADDED from src\main\AndroidManifest.xml:39:23-59
	android:requiresSmallestWidthDp
		ADDED from src\main\AndroidManifest.xml:38:23-60
application
ADDED from src\main\AndroidManifest.xml:41:5-74:19
MERGED from [com.android.support:mediarouter-v7:24.0.0-alpha1] AndroidManifest.xml:22:5-20
MERGED from [com.android.support:appcompat-v7:24.0.0-alpha1] AndroidManifest.xml:25:5-20
MERGED from [com.android.support:support-vector-drawable:24.0.0-alpha1] AndroidManifest.xml:23:5-20
MERGED from [com.android.support:support-v4:24.0.0-alpha1] AndroidManifest.xml:22:5-20
MERGED from [com.android.support:animated-vector-drawable:24.0.0-alpha1] AndroidManifest.xml:22:5-20
MERGED from [com.android.support:palette-v7:24.0.0-alpha1] AndroidManifest.xml:22:5-23:19
	android:label
		ADDED from src\main\AndroidManifest.xml:41:18-50
	android:hardwareAccelerated
		ADDED from src\main\AndroidManifest.xml:43:18-52
	android:icon
		ADDED from src\main\AndroidManifest.xml:42:18-54
receiver#com.example.android.mediarouter.player.SampleMediaButtonReceiver
ADDED from src\main\AndroidManifest.xml:45:9-49:20
	android:name
		ADDED from src\main\AndroidManifest.xml:45:19-67
intent-filter#android.intent.action.MEDIA_BUTTON
ADDED from src\main\AndroidManifest.xml:46:13-48:29
action#android.intent.action.MEDIA_BUTTON
ADDED from src\main\AndroidManifest.xml:47:17-77
	android:name
		ADDED from src\main\AndroidManifest.xml:47:25-74
activity#com.example.android.mediarouter.player.MainActivity
ADDED from src\main\AndroidManifest.xml:52:9-64:20
	android:label
		ADDED from src\main\AndroidManifest.xml:53:19-51
	android:theme
		ADDED from src\main\AndroidManifest.xml:54:19-63
	android:name
		ADDED from src\main\AndroidManifest.xml:52:19-54
intent-filter#android.intent.action.MAIN+android.intent.category.DEFAULT+android.intent.category.LAUNCHER
ADDED from src\main\AndroidManifest.xml:55:13-59:29
action#android.intent.action.MAIN
ADDED from src\main\AndroidManifest.xml:56:17-69
	android:name
		ADDED from src\main\AndroidManifest.xml:56:25-66
category#android.intent.category.DEFAULT
ADDED from src\main\AndroidManifest.xml:57:17-76
	android:name
		ADDED from src\main\AndroidManifest.xml:57:27-73
category#android.intent.category.LAUNCHER
ADDED from src\main\AndroidManifest.xml:58:17-77
	android:name
		ADDED from src\main\AndroidManifest.xml:58:27-74
intent-filter#android.intent.action.MAIN+com.example.android.supportv7.SAMPLE_CODE
ADDED from src\main\AndroidManifest.xml:60:13-63:29
category#com.example.android.supportv7.SAMPLE_CODE
ADDED from src\main\AndroidManifest.xml:62:17-86
	android:name
		ADDED from src\main\AndroidManifest.xml:62:27-83
service#com.example.android.mediarouter.provider.SampleMediaRouteProviderService
ADDED from src\main\AndroidManifest.xml:66:9-72:19
	android:process
		ADDED from src\main\AndroidManifest.xml:68:18-40
	android:label
		ADDED from src\main\AndroidManifest.xml:67:18-77
	android:name
		ADDED from src\main\AndroidManifest.xml:66:18-74
intent-filter#android.media.MediaRouteProviderService
ADDED from src\main\AndroidManifest.xml:69:13-71:29
action#android.media.MediaRouteProviderService
ADDED from src\main\AndroidManifest.xml:70:17-82
	android:name
		ADDED from src\main\AndroidManifest.xml:70:25-79